2018-12-10 13:35:09.382686 [36mI[0m [17860:puma 003] [[36m[][0m] [36mRails[0m -- Started GET "/" for 127.0.0.1 at 2018-12-10 13:35:09 +1000
2018-12-10 13:35:09.386606 [31mF[0m [17860:puma 003 debug_exceptions.rb:9] [[31m[][0m] [31mRails[0m -- Exception: [31mPG::ConnectionBad: could not connect to server: No such file or directory
	Is the server running locally and accepting
	connections on Unix domain socket "/tmp/.s.PGSQL.5432"?
[0m
/Users/BrettHales/.rvm/gems/ruby-2.5.1/gems/pg-1.1.2/lib/pg.rb:56:in `initialize'
/Users/BrettHales/.rvm/gems/ruby-2.5.1/gems/pg-1.1.2/lib/pg.rb:56:in `new'
/Users/BrettHales/.rvm/gems/ruby-2.5.1/gems/pg-1.1.2/lib/pg.rb:56:in `connect'
/Users/BrettHales/.rvm/gems/ruby-2.5.1/gems/activerecord-5.2.1/lib/active_record/connection_adapters/postgresql_adapter.rb:684:in `connect'
/Users/BrettHales/.rvm/gems/ruby-2.5.1/gems/activerecord-5.2.1/lib/active_record/connection_adapters/postgresql_adapter.rb:215:in `initialize'
/Users/BrettHales/.rvm/gems/ruby-2.5.1/gems/activerecord-5.2.1/lib/active_record/connection_adapters/postgresql_adapter.rb:40:in `new'
/Users/BrettHales/.rvm/gems/ruby-2.5.1/gems/activerecord-5.2.1/lib/active_record/connection_adapters/postgresql_adapter.rb:40:in `postgresql_connection'
/Users/BrettHales/.rvm/gems/ruby-2.5.1/gems/activerecord-5.2.1/lib/active_record/connection_adapters/abstract/connection_pool.rb:809:in `new_connection'
/Users/BrettHales/.rvm/gems/ruby-2.5.1/gems/activerecord-5.2.1/lib/active_record/connection_adapters/abstract/connection_pool.rb:853:in `checkout_new_connection'
/Users/BrettHales/.rvm/gems/ruby-2.5.1/gems/activerecord-5.2.1/lib/active_record/connection_adapters/abstract/connection_pool.rb:832:in `try_to_checkout_new_connection'
/Users/BrettHales/.rvm/gems/ruby-2.5.1/gems/activerecord-5.2.1/lib/active_record/connection_adapters/abstract/connection_pool.rb:793:in `acquire_connection'
/Users/BrettHales/.rvm/gems/ruby-2.5.1/gems/activerecord-5.2.1/lib/active_record/connection_adapters/abstract/connection_pool.rb:521:in `checkout'
/Users/BrettHales/.rvm/gems/ruby-2.5.1/gems/activerecord-5.2.1/lib/active_record/connection_adapters/abstract/connection_pool.rb:380:in `connection'
/Users/BrettHales/.rvm/gems/ruby-2.5.1/gems/activerecord-5.2.1/lib/active_record/connection_adapters/abstract/connection_pool.rb:1008:in `retrieve_connection'
/Users/BrettHales/.rvm/gems/ruby-2.5.1/gems/activerecord-5.2.1/lib/active_record/connection_handling.rb:118:in `retrieve_connection'
/Users/BrettHales/.rvm/gems/ruby-2.5.1/gems/activerecord-5.2.1/lib/active_record/connection_handling.rb:90:in `connection'
/Users/BrettHales/.rvm/gems/ruby-2.5.1/gems/activerecord-5.2.1/lib/active_record/migration.rb:554:in `call'
/Users/BrettHales/.rvm/gems/ruby-2.5.1/gems/actionpack-5.2.1/lib/action_dispatch/middleware/callbacks.rb:28:in `block in call'
/Users/BrettHales/.rvm/gems/ruby-2.5.1/gems/activesupport-5.2.1/lib/active_support/callbacks.rb:98:in `run_callbacks'
/Users/BrettHales/.rvm/gems/ruby-2.5.1/gems/actionpack-5.2.1/lib/action_dispatch/middleware/callbacks.rb:26:in `call'
/Users/BrettHales/.rvm/gems/ruby-2.5.1/gems/actionpack-5.2.1/lib/action_dispatch/middleware/executor.rb:14:in `call'
/Users/BrettHales/.rvm/gems/ruby-2.5.1/gems/actionpack-5.2.1/lib/action_dispatch/middleware/debug_exceptions.rb:61:in `call'
/Users/BrettHales/.rvm/gems/ruby-2.5.1/gems/actionpack-5.2.1/lib/action_dispatch/middleware/show_exceptions.rb:33:in `call'
/Users/BrettHales/.rvm/gems/ruby-2.5.1/gems/railties-5.2.1/lib/rails/rack/logger.rb:38:in `call_app'
/Users/BrettHales/.rvm/gems/ruby-2.5.1/gems/railties-5.2.1/lib/rails/rack/logger.rb:26:in `block in call'
/Users/BrettHales/.rvm/gems/ruby-2.5.1/gems/semantic_logger-4.3.1/lib/semantic_logger/semantic_logger.rb:303:in `fast_tag'
/Users/BrettHales/.rvm/gems/ruby-2.5.1/gems/semantic_logger-4.3.1/lib/semantic_logger/base.rb:194:in `tagged'
/Users/BrettHales/.rvm/gems/ruby-2.5.1/gems/railties-5.2.1/lib/rails/rack/logger.rb:26:in `call'
/Users/BrettHales/.rvm/gems/ruby-2.5.1/gems/sprockets-rails-3.2.1/lib/sprockets/rails/quiet_assets.rb:13:in `call'
/Users/BrettHales/.rvm/gems/ruby-2.5.1/gems/actionpack-5.2.1/lib/action_dispatch/middleware/remote_ip.rb:81:in `call'
/Users/BrettHales/.rvm/gems/ruby-2.5.1/gems/actionpack-5.2.1/lib/action_dispatch/middleware/request_id.rb:27:in `call'
/Users/BrettHales/.rvm/gems/ruby-2.5.1/gems/rack-2.0.5/lib/rack/method_override.rb:22:in `call'
/Users/BrettHales/.rvm/gems/ruby-2.5.1/gems/rack-2.0.5/lib/rack/runtime.rb:22:in `call'
/Users/BrettHales/.rvm/gems/ruby-2.5.1/gems/activesupport-5.2.1/lib/active_support/cache/strategy/local_cache_middleware.rb:29:in `call'
/Users/BrettHales/.rvm/gems/ruby-2.5.1/gems/actionpack-5.2.1/lib/action_dispatch/middleware/executor.rb:14:in `call'
/Users/BrettHales/.rvm/gems/ruby-2.5.1/gems/actionpack-5.2.1/lib/action_dispatch/middleware/static.rb:127:in `call'
/Users/BrettHales/.rvm/gems/ruby-2.5.1/gems/rack-2.0.5/lib/rack/sendfile.rb:111:in `call'
/Users/BrettHales/.rvm/gems/ruby-2.5.1/gems/railties-5.2.1/lib/rails/engine.rb:524:in `call'
/Users/BrettHales/.rvm/gems/ruby-2.5.1/gems/puma-3.12.0/lib/puma/configuration.rb:225:in `call'
/Users/BrettHales/.rvm/gems/ruby-2.5.1/gems/puma-3.12.0/lib/puma/server.rb:658:in `handle_request'
/Users/BrettHales/.rvm/gems/ruby-2.5.1/gems/puma-3.12.0/lib/puma/server.rb:472:in `process_client'
/Users/BrettHales/.rvm/gems/ruby-2.5.1/gems/puma-3.12.0/lib/puma/server.rb:332:in `block in run'
/Users/BrettHales/.rvm/gems/ruby-2.5.1/gems/puma-3.12.0/lib/puma/thread_pool.rb:133:in `block in spawn_thread'
